<?xml version="1.0" encoding="UTF-8"?>
<!-- Generated by org.testng.reporters.JUnitReportReporter -->
<testsuite hostname="QSP" failures="0" tests="1" name="testscripts.Testacse1" time="17.353" errors="0" timestamp="2022-02-14T09:28:54 IST" skipped="0">
  <testcase classname="testscripts.Testacse1" name="tc1" time="17.353"/>
</testsuite> <!-- testscripts.Testacse1 -->
