<?xml version="1.0" encoding="UTF-8"?>
<!-- Generated by org.testng.reporters.JUnitReportReporter -->
<testsuite hostname="QSP" failures="0" tests="1" name="testscripts.Testacse2" time="15.467" errors="0" timestamp="2022-02-14T09:28:54 IST" skipped="0">
  <testcase classname="testscripts.Testacse2" name="tc2" time="15.467"/>
</testsuite> <!-- testscripts.Testacse2 -->
